2023-11-09 09:30:28,467 INFO o.s.b.StartupInfoLogger [main] Starting Chapter4SpringApplication using Java 21 with PID 3230 (/home/birruby/Documents/work/binar/sinergy6/git/sinergy6/Chapter5SpringWebRest/target/classes started by birruby in /home/birruby/Documents/work/binar/sinergy6/git/sinergy6/Chapter5SpringWebRest)
2023-11-09 09:30:28,470 INFO o.s.b.SpringApplication [main] No active profile set, falling back to 1 default profile: "default"
2023-11-09 09:30:29,603 INFO o.s.d.r.c.RepositoryConfigurationDelegate [main] Bootstrapping Spring Data JPA repositories in DEFAULT mode.
2023-11-09 09:30:29,742 INFO o.s.d.r.c.RepositoryConfigurationDelegate [main] Finished Spring Data repository scanning in 125 ms. Found 4 JPA repository interfaces.
2023-11-09 09:30:30,642 INFO o.s.b.w.e.t.TomcatWebServer [main] Tomcat initialized with port(s): 8080 (http)
2023-11-09 09:30:30,651 INFO o.a.j.l.DirectJDKLog [main] Initializing ProtocolHandler ["http-nio-8080"]
2023-11-09 09:30:30,654 INFO o.a.j.l.DirectJDKLog [main] Starting service [Tomcat]
2023-11-09 09:30:30,654 INFO o.a.j.l.DirectJDKLog [main] Starting Servlet engine: [Apache Tomcat/10.1.13]
2023-11-09 09:30:30,754 INFO o.a.j.l.DirectJDKLog [main] Initializing Spring embedded WebApplicationContext
2023-11-09 09:30:30,754 INFO o.s.b.w.s.c.ServletWebServerApplicationContext [main] Root WebApplicationContext: initialization completed in 2220 ms
2023-11-09 09:30:30,948 INFO o.h.j.i.u.LogHelper [main] HHH000204: Processing PersistenceUnitInfo [name: default]
2023-11-09 09:30:31,007 INFO o.h.Version [main] HHH000412: Hibernate ORM core version 6.2.9.Final
2023-11-09 09:30:31,010 INFO o.h.c.Environment [main] HHH000406: Using bytecode reflection optimizer
2023-11-09 09:30:31,182 INFO o.h.b.i.BytecodeProviderInitiator [main] HHH000021: Bytecode provider name : bytebuddy
2023-11-09 09:30:31,337 INFO o.s.o.j.p.SpringPersistenceUnitInfo [main] No LoadTimeWeaver setup: ignoring JPA class transformer
2023-11-09 09:30:31,355 INFO c.z.h.HikariDataSource [main] HikariPool-1 - Starting...
2023-11-09 09:30:31,464 INFO c.z.h.p.HikariPool [main] HikariPool-1 - Added connection org.postgresql.jdbc.PgConnection@6f24ce45
2023-11-09 09:30:31,466 INFO c.z.h.HikariDataSource [main] HikariPool-1 - Start completed.
2023-11-09 09:30:31,810 INFO o.h.b.i.BytecodeProviderInitiator [main] HHH000021: Bytecode provider name : bytebuddy
2023-11-09 09:30:31,893 WARN o.h.m.RootClass [main] HHH000038: Composite-id class does not override equals(): org.binaracademy.Chapter4Spring.model.OrderProductKey
2023-11-09 09:30:31,893 WARN o.h.m.RootClass [main] HHH000039: Composite-id class does not override hashCode(): org.binaracademy.Chapter4Spring.model.OrderProductKey
2023-11-09 09:30:32,681 INFO o.h.e.t.j.p.i.JtaPlatformInitiator [main] HHH000490: Using JtaPlatform implementation: [org.hibernate.engine.transaction.jta.platform.internal.NoJtaPlatform]
2023-11-09 09:30:32,795 INFO o.s.o.j.AbstractEntityManagerFactoryBean [main] Initialized JPA EntityManagerFactory for persistence unit 'default'
2023-11-09 09:30:33,263 INFO o.s.d.j.r.q.QueryEnhancerFactory [main] Hibernate is in classpath; If applicable, HQL parser will be used.
2023-11-09 09:30:33,501 WARN o.s.b.a.o.j.JpaBaseConfiguration$JpaWebConfiguration [main] spring.jpa.open-in-view is enabled by default. Therefore, database queries may be performed during view rendering. Explicitly configure spring.jpa.open-in-view to disable this warning
2023-11-09 09:30:33,961 INFO o.a.j.l.DirectJDKLog [main] Starting ProtocolHandler ["http-nio-8080"]
2023-11-09 09:30:33,975 INFO o.s.b.w.e.t.TomcatWebServer [main] Tomcat started on port(s): 8080 (http) with context path ''
2023-11-09 09:30:33,984 INFO o.s.b.StartupInfoLogger [main] Started Chapter4SpringApplication in 6.014 seconds (process running for 7.652)
2023-11-09 09:30:36,494 INFO o.s.o.j.AbstractEntityManagerFactoryBean [SpringApplicationShutdownHook] Closing JPA EntityManagerFactory for persistence unit 'default'
2023-11-09 09:30:36,495 INFO c.z.h.HikariDataSource [SpringApplicationShutdownHook] HikariPool-1 - Shutdown initiated...
2023-11-09 09:30:36,499 INFO c.z.h.HikariDataSource [SpringApplicationShutdownHook] HikariPool-1 - Shutdown completed.
