2023-10-20 18:44:30,044 INFO o.s.b.StartupInfoLogger [main] Starting Chapter4SpringApplication using Java 21 with PID 8169 (/home/birruby/Documents/work/binar/sinergy6/git/sinergy6/Chapter4Spring/target/classes started by birruby in /home/birruby/Documents/work/binar/sinergy6/git/sinergy6/Chapter4Spring)
2023-10-20 18:44:30,047 INFO o.s.b.SpringApplication [main] No active profile set, falling back to 1 default profile: "default"
2023-10-20 18:44:30,746 INFO o.s.d.r.c.RepositoryConfigurationDelegate [main] Bootstrapping Spring Data JPA repositories in DEFAULT mode.
2023-10-20 18:44:30,814 INFO o.s.d.r.c.RepositoryConfigurationDelegate [main] Finished Spring Data repository scanning in 59 ms. Found 2 JPA repository interfaces.
2023-10-20 18:44:31,248 INFO o.s.b.w.e.t.TomcatWebServer [main] Tomcat initialized with port(s): 8080 (http)
2023-10-20 18:44:31,255 INFO o.a.j.l.DirectJDKLog [main] Initializing ProtocolHandler ["http-nio-8080"]
2023-10-20 18:44:31,258 INFO o.a.j.l.DirectJDKLog [main] Starting service [Tomcat]
2023-10-20 18:44:31,258 INFO o.a.j.l.DirectJDKLog [main] Starting Servlet engine: [Apache Tomcat/10.1.13]
2023-10-20 18:44:31,322 INFO o.a.j.l.DirectJDKLog [main] Initializing Spring embedded WebApplicationContext
2023-10-20 18:44:31,323 INFO o.s.b.w.s.c.ServletWebServerApplicationContext [main] Root WebApplicationContext: initialization completed in 1227 ms
2023-10-20 18:44:31,448 INFO o.h.j.i.u.LogHelper [main] HHH000204: Processing PersistenceUnitInfo [name: default]
2023-10-20 18:44:31,504 INFO o.h.Version [main] HHH000412: Hibernate ORM core version 6.2.9.Final
2023-10-20 18:44:31,507 INFO o.h.c.Environment [main] HHH000406: Using bytecode reflection optimizer
2023-10-20 18:44:31,616 INFO o.h.b.i.BytecodeProviderInitiator [main] HHH000021: Bytecode provider name : bytebuddy
2023-10-20 18:44:31,764 INFO o.s.o.j.p.SpringPersistenceUnitInfo [main] No LoadTimeWeaver setup: ignoring JPA class transformer
2023-10-20 18:44:31,778 INFO c.z.h.HikariDataSource [main] HikariPool-1 - Starting...
2023-10-20 18:44:31,858 INFO c.z.h.p.HikariPool [main] HikariPool-1 - Added connection org.postgresql.jdbc.PgConnection@5f3b84bd
2023-10-20 18:44:31,860 INFO c.z.h.HikariDataSource [main] HikariPool-1 - Start completed.
2023-10-20 18:44:32,052 INFO o.h.b.i.BytecodeProviderInitiator [main] HHH000021: Bytecode provider name : bytebuddy
2023-10-20 18:44:32,728 INFO o.h.e.t.j.p.i.JtaPlatformInitiator [main] HHH000490: Using JtaPlatform implementation: [org.hibernate.engine.transaction.jta.platform.internal.NoJtaPlatform]
2023-10-20 18:44:32,790 INFO o.s.o.j.AbstractEntityManagerFactoryBean [main] Initialized JPA EntityManagerFactory for persistence unit 'default'
2023-10-20 18:44:33,101 WARN o.s.b.a.o.j.JpaBaseConfiguration$JpaWebConfiguration [main] spring.jpa.open-in-view is enabled by default. Therefore, database queries may be performed during view rendering. Explicitly configure spring.jpa.open-in-view to disable this warning
2023-10-20 18:44:33,392 INFO o.a.j.l.DirectJDKLog [main] Starting ProtocolHandler ["http-nio-8080"]
2023-10-20 18:44:33,407 INFO o.s.b.w.e.t.TomcatWebServer [main] Tomcat started on port(s): 8080 (http) with context path ''
2023-10-20 18:44:33,417 INFO o.s.b.StartupInfoLogger [main] Started Chapter4SpringApplication in 3.89 seconds (process running for 4.659)
2023-10-20 18:44:36,686 WARN o.h.e.j.s.SqlExceptionHelper [main] SQL Error: 0, SQLState: 42601
2023-10-20 18:44:36,687 ERROR o.h.e.j.s.SqlExceptionHelper [main] ERROR: query has no destination for result data
  Hint: If you want to discard the results of a SELECT, use PERFORM instead.
  Where: PL/pgSQL function get_open_merchant() line 3 at SQL statement
2023-10-20 18:46:06,642 INFO o.s.o.j.AbstractEntityManagerFactoryBean [SpringApplicationShutdownHook] Closing JPA EntityManagerFactory for persistence unit 'default'
2023-10-20 18:46:06,646 INFO c.z.h.HikariDataSource [SpringApplicationShutdownHook] HikariPool-1 - Shutdown initiated...
2023-10-20 18:46:06,659 INFO c.z.h.HikariDataSource [SpringApplicationShutdownHook] HikariPool-1 - Shutdown completed.
2023-10-20 18:46:10,764 INFO o.s.b.StartupInfoLogger [main] Starting Chapter4SpringApplication using Java 21 with PID 8448 (/home/birruby/Documents/work/binar/sinergy6/git/sinergy6/Chapter4Spring/target/classes started by birruby in /home/birruby/Documents/work/binar/sinergy6/git/sinergy6/Chapter4Spring)
2023-10-20 18:46:10,767 INFO o.s.b.SpringApplication [main] No active profile set, falling back to 1 default profile: "default"
2023-10-20 18:46:11,533 INFO o.s.d.r.c.RepositoryConfigurationDelegate [main] Bootstrapping Spring Data JPA repositories in DEFAULT mode.
2023-10-20 18:46:11,615 INFO o.s.d.r.c.RepositoryConfigurationDelegate [main] Finished Spring Data repository scanning in 71 ms. Found 2 JPA repository interfaces.
2023-10-20 18:46:12,265 INFO o.s.b.w.e.t.TomcatWebServer [main] Tomcat initialized with port(s): 8080 (http)
2023-10-20 18:46:12,273 INFO o.a.j.l.DirectJDKLog [main] Initializing ProtocolHandler ["http-nio-8080"]
2023-10-20 18:46:12,276 INFO o.a.j.l.DirectJDKLog [main] Starting service [Tomcat]
2023-10-20 18:46:12,276 INFO o.a.j.l.DirectJDKLog [main] Starting Servlet engine: [Apache Tomcat/10.1.13]
2023-10-20 18:46:12,355 INFO o.a.j.l.DirectJDKLog [main] Initializing Spring embedded WebApplicationContext
2023-10-20 18:46:12,356 INFO o.s.b.w.s.c.ServletWebServerApplicationContext [main] Root WebApplicationContext: initialization completed in 1544 ms
2023-10-20 18:46:12,527 INFO o.h.j.i.u.LogHelper [main] HHH000204: Processing PersistenceUnitInfo [name: default]
2023-10-20 18:46:12,571 INFO o.h.Version [main] HHH000412: Hibernate ORM core version 6.2.9.Final
2023-10-20 18:46:12,573 INFO o.h.c.Environment [main] HHH000406: Using bytecode reflection optimizer
2023-10-20 18:46:12,684 INFO o.h.b.i.BytecodeProviderInitiator [main] HHH000021: Bytecode provider name : bytebuddy
2023-10-20 18:46:12,817 INFO o.s.o.j.p.SpringPersistenceUnitInfo [main] No LoadTimeWeaver setup: ignoring JPA class transformer
2023-10-20 18:46:12,831 INFO c.z.h.HikariDataSource [main] HikariPool-1 - Starting...
2023-10-20 18:46:12,911 INFO c.z.h.p.HikariPool [main] HikariPool-1 - Added connection org.postgresql.jdbc.PgConnection@3bc20984
2023-10-20 18:46:12,913 INFO c.z.h.HikariDataSource [main] HikariPool-1 - Start completed.
2023-10-20 18:46:13,117 INFO o.h.b.i.BytecodeProviderInitiator [main] HHH000021: Bytecode provider name : bytebuddy
2023-10-20 18:46:13,677 INFO o.h.e.t.j.p.i.JtaPlatformInitiator [main] HHH000490: Using JtaPlatform implementation: [org.hibernate.engine.transaction.jta.platform.internal.NoJtaPlatform]
2023-10-20 18:46:13,738 INFO o.s.o.j.AbstractEntityManagerFactoryBean [main] Initialized JPA EntityManagerFactory for persistence unit 'default'
2023-10-20 18:46:14,035 WARN o.s.b.a.o.j.JpaBaseConfiguration$JpaWebConfiguration [main] spring.jpa.open-in-view is enabled by default. Therefore, database queries may be performed during view rendering. Explicitly configure spring.jpa.open-in-view to disable this warning
2023-10-20 18:46:14,312 INFO o.a.j.l.DirectJDKLog [main] Starting ProtocolHandler ["http-nio-8080"]
2023-10-20 18:46:14,322 INFO o.s.b.w.e.t.TomcatWebServer [main] Tomcat started on port(s): 8080 (http) with context path ''
2023-10-20 18:46:14,329 INFO o.s.b.StartupInfoLogger [main] Started Chapter4SpringApplication in 4.189 seconds (process running for 4.901)
2023-10-20 18:46:31,497 WARN o.h.e.j.s.SqlExceptionHelper [main] SQL Error: 0, SQLState: 42601
2023-10-20 18:46:31,498 ERROR o.h.e.j.s.SqlExceptionHelper [main] ERROR: query has no destination for result data
  Hint: If you want to discard the results of a SELECT, use PERFORM instead.
  Where: PL/pgSQL function get_open_merchant() line 3 at SQL statement
2023-10-20 19:10:02,630 INFO o.s.o.j.AbstractEntityManagerFactoryBean [SpringApplicationShutdownHook] Closing JPA EntityManagerFactory for persistence unit 'default'
2023-10-20 19:10:02,633 INFO c.z.h.HikariDataSource [SpringApplicationShutdownHook] HikariPool-1 - Shutdown initiated...
2023-10-20 19:10:02,638 INFO c.z.h.HikariDataSource [SpringApplicationShutdownHook] HikariPool-1 - Shutdown completed.
2023-10-20 19:10:21,263 INFO o.s.b.StartupInfoLogger [main] Starting Chapter4SpringApplication using Java 21 with PID 10660 (/home/birruby/Documents/work/binar/sinergy6/git/sinergy6/Chapter4Spring/target/classes started by birruby in /home/birruby/Documents/work/binar/sinergy6/git/sinergy6/Chapter4Spring)
2023-10-20 19:10:21,267 INFO o.s.b.SpringApplication [main] No active profile set, falling back to 1 default profile: "default"
2023-10-20 19:10:22,220 INFO o.s.d.r.c.RepositoryConfigurationDelegate [main] Bootstrapping Spring Data JPA repositories in DEFAULT mode.
2023-10-20 19:10:22,298 INFO o.s.d.r.c.RepositoryConfigurationDelegate [main] Finished Spring Data repository scanning in 69 ms. Found 2 JPA repository interfaces.
2023-10-20 19:10:22,952 INFO o.s.b.w.e.t.TomcatWebServer [main] Tomcat initialized with port(s): 8080 (http)
2023-10-20 19:10:22,962 INFO o.a.j.l.DirectJDKLog [main] Initializing ProtocolHandler ["http-nio-8080"]
2023-10-20 19:10:22,965 INFO o.a.j.l.DirectJDKLog [main] Starting service [Tomcat]
2023-10-20 19:10:22,966 INFO o.a.j.l.DirectJDKLog [main] Starting Servlet engine: [Apache Tomcat/10.1.13]
2023-10-20 19:10:23,057 INFO o.a.j.l.DirectJDKLog [main] Initializing Spring embedded WebApplicationContext
2023-10-20 19:10:23,058 INFO o.s.b.w.s.c.ServletWebServerApplicationContext [main] Root WebApplicationContext: initialization completed in 1683 ms
2023-10-20 19:10:23,261 INFO o.h.j.i.u.LogHelper [main] HHH000204: Processing PersistenceUnitInfo [name: default]
2023-10-20 19:10:23,316 INFO o.h.Version [main] HHH000412: Hibernate ORM core version 6.2.9.Final
2023-10-20 19:10:23,318 INFO o.h.c.Environment [main] HHH000406: Using bytecode reflection optimizer
2023-10-20 19:10:23,450 INFO o.h.b.i.BytecodeProviderInitiator [main] HHH000021: Bytecode provider name : bytebuddy
2023-10-20 19:10:23,615 INFO o.s.o.j.p.SpringPersistenceUnitInfo [main] No LoadTimeWeaver setup: ignoring JPA class transformer
2023-10-20 19:10:23,639 INFO c.z.h.HikariDataSource [main] HikariPool-1 - Starting...
2023-10-20 19:10:23,766 INFO c.z.h.p.HikariPool [main] HikariPool-1 - Added connection org.postgresql.jdbc.PgConnection@4e3283f6
2023-10-20 19:10:23,768 INFO c.z.h.HikariDataSource [main] HikariPool-1 - Start completed.
2023-10-20 19:10:24,128 INFO o.h.b.i.BytecodeProviderInitiator [main] HHH000021: Bytecode provider name : bytebuddy
2023-10-20 19:10:24,944 INFO o.h.e.t.j.p.i.JtaPlatformInitiator [main] HHH000490: Using JtaPlatform implementation: [org.hibernate.engine.transaction.jta.platform.internal.NoJtaPlatform]
2023-10-20 19:10:25,014 INFO o.s.o.j.AbstractEntityManagerFactoryBean [main] Initialized JPA EntityManagerFactory for persistence unit 'default'
2023-10-20 19:10:25,415 WARN o.s.b.a.o.j.JpaBaseConfiguration$JpaWebConfiguration [main] spring.jpa.open-in-view is enabled by default. Therefore, database queries may be performed during view rendering. Explicitly configure spring.jpa.open-in-view to disable this warning
2023-10-20 19:10:25,788 INFO o.a.j.l.DirectJDKLog [main] Starting ProtocolHandler ["http-nio-8080"]
2023-10-20 19:10:25,806 INFO o.s.b.w.e.t.TomcatWebServer [main] Tomcat started on port(s): 8080 (http) with context path ''
2023-10-20 19:10:25,814 INFO o.s.b.StartupInfoLogger [main] Started Chapter4SpringApplication in 5.266 seconds (process running for 6.932)
2023-10-20 21:28:54,436 INFO o.s.o.j.AbstractEntityManagerFactoryBean [SpringApplicationShutdownHook] Closing JPA EntityManagerFactory for persistence unit 'default'
2023-10-20 21:28:54,438 INFO c.z.h.HikariDataSource [SpringApplicationShutdownHook] HikariPool-1 - Shutdown initiated...
2023-10-20 21:28:54,444 INFO c.z.h.HikariDataSource [SpringApplicationShutdownHook] HikariPool-1 - Shutdown completed.
2023-10-20 21:28:59,710 INFO o.s.b.StartupInfoLogger [main] Starting Chapter4SpringApplication using Java 21 with PID 17809 (/home/birruby/Documents/work/binar/sinergy6/git/sinergy6/Chapter4Spring/target/classes started by birruby in /home/birruby/Documents/work/binar/sinergy6/git/sinergy6/Chapter4Spring)
2023-10-20 21:28:59,712 INFO o.s.b.SpringApplication [main] No active profile set, falling back to 1 default profile: "default"
2023-10-20 21:29:00,440 INFO o.s.d.r.c.RepositoryConfigurationDelegate [main] Bootstrapping Spring Data JPA repositories in DEFAULT mode.
2023-10-20 21:29:00,499 INFO o.s.d.r.c.RepositoryConfigurationDelegate [main] Finished Spring Data repository scanning in 51 ms. Found 2 JPA repository interfaces.
2023-10-20 21:29:01,040 INFO o.s.b.w.e.t.TomcatWebServer [main] Tomcat initialized with port(s): 8080 (http)
2023-10-20 21:29:01,047 INFO o.a.j.l.DirectJDKLog [main] Initializing ProtocolHandler ["http-nio-8080"]
2023-10-20 21:29:01,048 INFO o.a.j.l.DirectJDKLog [main] Starting service [Tomcat]
2023-10-20 21:29:01,048 INFO o.a.j.l.DirectJDKLog [main] Starting Servlet engine: [Apache Tomcat/10.1.13]
2023-10-20 21:29:01,122 INFO o.a.j.l.DirectJDKLog [main] Initializing Spring embedded WebApplicationContext
2023-10-20 21:29:01,123 INFO o.s.b.w.s.c.ServletWebServerApplicationContext [main] Root WebApplicationContext: initialization completed in 1361 ms
2023-10-20 21:29:01,286 INFO o.h.j.i.u.LogHelper [main] HHH000204: Processing PersistenceUnitInfo [name: default]
2023-10-20 21:29:01,336 INFO o.h.Version [main] HHH000412: Hibernate ORM core version 6.2.9.Final
2023-10-20 21:29:01,338 INFO o.h.c.Environment [main] HHH000406: Using bytecode reflection optimizer
2023-10-20 21:29:01,469 INFO o.h.b.i.BytecodeProviderInitiator [main] HHH000021: Bytecode provider name : bytebuddy
2023-10-20 21:29:01,624 INFO o.s.o.j.p.SpringPersistenceUnitInfo [main] No LoadTimeWeaver setup: ignoring JPA class transformer
2023-10-20 21:29:01,640 INFO c.z.h.HikariDataSource [main] HikariPool-1 - Starting...
2023-10-20 21:29:01,739 INFO c.z.h.p.HikariPool [main] HikariPool-1 - Added connection org.postgresql.jdbc.PgConnection@7f51f588
2023-10-20 21:29:01,740 INFO c.z.h.HikariDataSource [main] HikariPool-1 - Start completed.
2023-10-20 21:29:01,981 INFO o.h.b.i.BytecodeProviderInitiator [main] HHH000021: Bytecode provider name : bytebuddy
2023-10-20 21:29:02,595 INFO o.h.e.t.j.p.i.JtaPlatformInitiator [main] HHH000490: Using JtaPlatform implementation: [org.hibernate.engine.transaction.jta.platform.internal.NoJtaPlatform]
2023-10-20 21:29:02,677 INFO o.s.o.j.AbstractEntityManagerFactoryBean [main] Initialized JPA EntityManagerFactory for persistence unit 'default'
2023-10-20 21:29:03,125 WARN o.s.b.a.o.j.JpaBaseConfiguration$JpaWebConfiguration [main] spring.jpa.open-in-view is enabled by default. Therefore, database queries may be performed during view rendering. Explicitly configure spring.jpa.open-in-view to disable this warning
2023-10-20 21:29:03,647 INFO o.a.j.l.DirectJDKLog [main] Starting ProtocolHandler ["http-nio-8080"]
2023-10-20 21:29:03,669 INFO o.s.b.w.e.t.TomcatWebServer [main] Tomcat started on port(s): 8080 (http) with context path ''
2023-10-20 21:29:03,685 INFO o.s.b.StartupInfoLogger [main] Started Chapter4SpringApplication in 4.731 seconds (process running for 5.573)
2023-10-20 21:32:51,173 INFO o.s.o.j.AbstractEntityManagerFactoryBean [SpringApplicationShutdownHook] Closing JPA EntityManagerFactory for persistence unit 'default'
2023-10-20 21:32:51,175 INFO c.z.h.HikariDataSource [SpringApplicationShutdownHook] HikariPool-1 - Shutdown initiated...
2023-10-20 21:32:51,179 INFO c.z.h.HikariDataSource [SpringApplicationShutdownHook] HikariPool-1 - Shutdown completed.
2023-10-20 21:34:03,384 INFO o.s.b.StartupInfoLogger [main] Starting Chapter4SpringApplication using Java 21 with PID 18149 (/home/birruby/Documents/work/binar/sinergy6/git/sinergy6/Chapter4Spring/target/classes started by birruby in /home/birruby/Documents/work/binar/sinergy6/git/sinergy6/Chapter4Spring)
2023-10-20 21:34:03,387 INFO o.s.b.SpringApplication [main] No active profile set, falling back to 1 default profile: "default"
2023-10-20 21:34:04,033 INFO o.s.d.r.c.RepositoryConfigurationDelegate [main] Bootstrapping Spring Data JPA repositories in DEFAULT mode.
2023-10-20 21:34:04,091 INFO o.s.d.r.c.RepositoryConfigurationDelegate [main] Finished Spring Data repository scanning in 52 ms. Found 2 JPA repository interfaces.
2023-10-20 21:34:04,645 INFO o.s.b.w.e.t.TomcatWebServer [main] Tomcat initialized with port(s): 8080 (http)
2023-10-20 21:34:04,652 INFO o.a.j.l.DirectJDKLog [main] Initializing ProtocolHandler ["http-nio-8080"]
2023-10-20 21:34:04,655 INFO o.a.j.l.DirectJDKLog [main] Starting service [Tomcat]
2023-10-20 21:34:04,655 INFO o.a.j.l.DirectJDKLog [main] Starting Servlet engine: [Apache Tomcat/10.1.13]
2023-10-20 21:34:04,747 INFO o.a.j.l.DirectJDKLog [main] Initializing Spring embedded WebApplicationContext
2023-10-20 21:34:04,748 INFO o.s.b.w.s.c.ServletWebServerApplicationContext [main] Root WebApplicationContext: initialization completed in 1311 ms
2023-10-20 21:34:04,931 INFO o.h.j.i.u.LogHelper [main] HHH000204: Processing PersistenceUnitInfo [name: default]
2023-10-20 21:34:04,979 INFO o.h.Version [main] HHH000412: Hibernate ORM core version 6.2.9.Final
2023-10-20 21:34:04,981 INFO o.h.c.Environment [main] HHH000406: Using bytecode reflection optimizer
2023-10-20 21:34:05,111 INFO o.h.b.i.BytecodeProviderInitiator [main] HHH000021: Bytecode provider name : bytebuddy
2023-10-20 21:34:05,257 INFO o.s.o.j.p.SpringPersistenceUnitInfo [main] No LoadTimeWeaver setup: ignoring JPA class transformer
2023-10-20 21:34:05,272 INFO c.z.h.HikariDataSource [main] HikariPool-1 - Starting...
2023-10-20 21:34:05,365 INFO c.z.h.p.HikariPool [main] HikariPool-1 - Added connection org.postgresql.jdbc.PgConnection@173511ff
2023-10-20 21:34:05,367 INFO c.z.h.HikariDataSource [main] HikariPool-1 - Start completed.
2023-10-20 21:34:05,655 INFO o.h.b.i.BytecodeProviderInitiator [main] HHH000021: Bytecode provider name : bytebuddy
2023-10-20 21:34:06,372 INFO o.h.e.t.j.p.i.JtaPlatformInitiator [main] HHH000490: Using JtaPlatform implementation: [org.hibernate.engine.transaction.jta.platform.internal.NoJtaPlatform]
2023-10-20 21:34:06,456 INFO o.s.o.j.AbstractEntityManagerFactoryBean [main] Initialized JPA EntityManagerFactory for persistence unit 'default'
2023-10-20 21:34:06,883 WARN o.s.b.a.o.j.JpaBaseConfiguration$JpaWebConfiguration [main] spring.jpa.open-in-view is enabled by default. Therefore, database queries may be performed during view rendering. Explicitly configure spring.jpa.open-in-view to disable this warning
2023-10-20 21:34:07,336 INFO o.a.j.l.DirectJDKLog [main] Starting ProtocolHandler ["http-nio-8080"]
2023-10-20 21:34:07,359 INFO o.s.b.w.e.t.TomcatWebServer [main] Tomcat started on port(s): 8080 (http) with context path ''
2023-10-20 21:34:07,371 INFO o.s.b.StartupInfoLogger [main] Started Chapter4SpringApplication in 4.73 seconds (process running for 5.625)
2023-10-20 21:35:35,695 INFO o.s.o.j.AbstractEntityManagerFactoryBean [SpringApplicationShutdownHook] Closing JPA EntityManagerFactory for persistence unit 'default'
2023-10-20 21:35:35,697 INFO c.z.h.HikariDataSource [SpringApplicationShutdownHook] HikariPool-1 - Shutdown initiated...
2023-10-20 21:35:35,701 INFO c.z.h.HikariDataSource [SpringApplicationShutdownHook] HikariPool-1 - Shutdown completed.
2023-10-20 21:35:41,518 INFO o.s.b.StartupInfoLogger [main] Starting Chapter4SpringApplication using Java 21 with PID 18344 (/home/birruby/Documents/work/binar/sinergy6/git/sinergy6/Chapter4Spring/target/classes started by birruby in /home/birruby/Documents/work/binar/sinergy6/git/sinergy6/Chapter4Spring)
2023-10-20 21:35:41,521 INFO o.s.b.SpringApplication [main] No active profile set, falling back to 1 default profile: "default"
2023-10-20 21:35:42,256 INFO o.s.d.r.c.RepositoryConfigurationDelegate [main] Bootstrapping Spring Data JPA repositories in DEFAULT mode.
2023-10-20 21:35:42,327 INFO o.s.d.r.c.RepositoryConfigurationDelegate [main] Finished Spring Data repository scanning in 63 ms. Found 2 JPA repository interfaces.
2023-10-20 21:35:42,968 INFO o.s.b.w.e.t.TomcatWebServer [main] Tomcat initialized with port(s): 8080 (http)
2023-10-20 21:35:42,979 INFO o.a.j.l.DirectJDKLog [main] Initializing ProtocolHandler ["http-nio-8080"]
2023-10-20 21:35:42,981 INFO o.a.j.l.DirectJDKLog [main] Starting service [Tomcat]
2023-10-20 21:35:42,981 INFO o.a.j.l.DirectJDKLog [main] Starting Servlet engine: [Apache Tomcat/10.1.13]
2023-10-20 21:35:43,077 INFO o.a.j.l.DirectJDKLog [main] Initializing Spring embedded WebApplicationContext
2023-10-20 21:35:43,077 INFO o.s.b.w.s.c.ServletWebServerApplicationContext [main] Root WebApplicationContext: initialization completed in 1496 ms
2023-10-20 21:35:43,269 INFO o.h.j.i.u.LogHelper [main] HHH000204: Processing PersistenceUnitInfo [name: default]
2023-10-20 21:35:43,329 INFO o.h.Version [main] HHH000412: Hibernate ORM core version 6.2.9.Final
2023-10-20 21:35:43,331 INFO o.h.c.Environment [main] HHH000406: Using bytecode reflection optimizer
2023-10-20 21:35:43,485 INFO o.h.b.i.BytecodeProviderInitiator [main] HHH000021: Bytecode provider name : bytebuddy
2023-10-20 21:35:43,655 INFO o.s.o.j.p.SpringPersistenceUnitInfo [main] No LoadTimeWeaver setup: ignoring JPA class transformer
2023-10-20 21:35:43,670 INFO c.z.h.HikariDataSource [main] HikariPool-1 - Starting...
2023-10-20 21:35:43,778 INFO c.z.h.p.HikariPool [main] HikariPool-1 - Added connection org.postgresql.jdbc.PgConnection@28554ac8
2023-10-20 21:35:43,780 INFO c.z.h.HikariDataSource [main] HikariPool-1 - Start completed.
2023-10-20 21:35:44,045 INFO o.h.b.i.BytecodeProviderInitiator [main] HHH000021: Bytecode provider name : bytebuddy
2023-10-20 21:35:44,818 INFO o.h.e.t.j.p.i.JtaPlatformInitiator [main] HHH000490: Using JtaPlatform implementation: [org.hibernate.engine.transaction.jta.platform.internal.NoJtaPlatform]
2023-10-20 21:35:44,897 INFO o.s.o.j.AbstractEntityManagerFactoryBean [main] Initialized JPA EntityManagerFactory for persistence unit 'default'
2023-10-20 21:35:45,305 WARN o.s.b.a.o.j.JpaBaseConfiguration$JpaWebConfiguration [main] spring.jpa.open-in-view is enabled by default. Therefore, database queries may be performed during view rendering. Explicitly configure spring.jpa.open-in-view to disable this warning
2023-10-20 21:35:45,702 INFO o.a.j.l.DirectJDKLog [main] Starting ProtocolHandler ["http-nio-8080"]
2023-10-20 21:35:45,719 INFO o.s.b.w.e.t.TomcatWebServer [main] Tomcat started on port(s): 8080 (http) with context path ''
2023-10-20 21:35:45,730 INFO o.s.b.StartupInfoLogger [main] Started Chapter4SpringApplication in 4.979 seconds (process running for 6.039)
2023-10-20 21:36:04,005 INFO o.s.o.j.AbstractEntityManagerFactoryBean [SpringApplicationShutdownHook] Closing JPA EntityManagerFactory for persistence unit 'default'
2023-10-20 21:36:04,008 INFO c.z.h.HikariDataSource [SpringApplicationShutdownHook] HikariPool-1 - Shutdown initiated...
2023-10-20 21:36:04,015 INFO c.z.h.HikariDataSource [SpringApplicationShutdownHook] HikariPool-1 - Shutdown completed.
2023-10-20 21:36:22,367 INFO o.s.b.StartupInfoLogger [main] Starting Chapter4SpringApplication using Java 21 with PID 18513 (/home/birruby/Documents/work/binar/sinergy6/git/sinergy6/Chapter4Spring/target/classes started by birruby in /home/birruby/Documents/work/binar/sinergy6/git/sinergy6/Chapter4Spring)
2023-10-20 21:36:22,370 INFO o.s.b.SpringApplication [main] No active profile set, falling back to 1 default profile: "default"
2023-10-20 21:36:23,082 INFO o.s.d.r.c.RepositoryConfigurationDelegate [main] Bootstrapping Spring Data JPA repositories in DEFAULT mode.
2023-10-20 21:36:23,154 INFO o.s.d.r.c.RepositoryConfigurationDelegate [main] Finished Spring Data repository scanning in 65 ms. Found 2 JPA repository interfaces.
2023-10-20 21:36:23,732 INFO o.s.b.w.e.t.TomcatWebServer [main] Tomcat initialized with port(s): 8080 (http)
2023-10-20 21:36:23,739 INFO o.a.j.l.DirectJDKLog [main] Initializing ProtocolHandler ["http-nio-8080"]
2023-10-20 21:36:23,741 INFO o.a.j.l.DirectJDKLog [main] Starting service [Tomcat]
2023-10-20 21:36:23,741 INFO o.a.j.l.DirectJDKLog [main] Starting Servlet engine: [Apache Tomcat/10.1.13]
2023-10-20 21:36:23,824 INFO o.a.j.l.DirectJDKLog [main] Initializing Spring embedded WebApplicationContext
2023-10-20 21:36:23,825 INFO o.s.b.w.s.c.ServletWebServerApplicationContext [main] Root WebApplicationContext: initialization completed in 1403 ms
2023-10-20 21:36:24,006 INFO o.h.j.i.u.LogHelper [main] HHH000204: Processing PersistenceUnitInfo [name: default]
2023-10-20 21:36:24,065 INFO o.h.Version [main] HHH000412: Hibernate ORM core version 6.2.9.Final
2023-10-20 21:36:24,068 INFO o.h.c.Environment [main] HHH000406: Using bytecode reflection optimizer
2023-10-20 21:36:24,210 INFO o.h.b.i.BytecodeProviderInitiator [main] HHH000021: Bytecode provider name : bytebuddy
2023-10-20 21:36:24,390 INFO o.s.o.j.p.SpringPersistenceUnitInfo [main] No LoadTimeWeaver setup: ignoring JPA class transformer
2023-10-20 21:36:24,412 INFO c.z.h.HikariDataSource [main] HikariPool-1 - Starting...
2023-10-20 21:36:24,531 INFO c.z.h.p.HikariPool [main] HikariPool-1 - Added connection org.postgresql.jdbc.PgConnection@5323999f
2023-10-20 21:36:24,533 INFO c.z.h.HikariDataSource [main] HikariPool-1 - Start completed.
2023-10-20 21:36:24,816 INFO o.h.b.i.BytecodeProviderInitiator [main] HHH000021: Bytecode provider name : bytebuddy
2023-10-20 21:36:25,537 INFO o.h.e.t.j.p.i.JtaPlatformInitiator [main] HHH000490: Using JtaPlatform implementation: [org.hibernate.engine.transaction.jta.platform.internal.NoJtaPlatform]
2023-10-20 21:36:25,618 INFO o.s.o.j.AbstractEntityManagerFactoryBean [main] Initialized JPA EntityManagerFactory for persistence unit 'default'
2023-10-20 21:36:25,964 WARN o.s.b.a.o.j.JpaBaseConfiguration$JpaWebConfiguration [main] spring.jpa.open-in-view is enabled by default. Therefore, database queries may be performed during view rendering. Explicitly configure spring.jpa.open-in-view to disable this warning
2023-10-20 21:36:26,348 INFO o.a.j.l.DirectJDKLog [main] Starting ProtocolHandler ["http-nio-8080"]
2023-10-20 21:36:26,361 INFO o.s.b.w.e.t.TomcatWebServer [main] Tomcat started on port(s): 8080 (http) with context path ''
2023-10-20 21:36:26,371 INFO o.s.b.StartupInfoLogger [main] Started Chapter4SpringApplication in 4.658 seconds (process running for 5.441)
2023-10-20 21:39:39,964 INFO o.s.o.j.AbstractEntityManagerFactoryBean [SpringApplicationShutdownHook] Closing JPA EntityManagerFactory for persistence unit 'default'
2023-10-20 21:39:39,968 INFO c.z.h.HikariDataSource [SpringApplicationShutdownHook] HikariPool-1 - Shutdown initiated...
2023-10-20 21:39:39,974 INFO c.z.h.HikariDataSource [SpringApplicationShutdownHook] HikariPool-1 - Shutdown completed.
2023-10-20 21:39:43,434 INFO o.s.b.StartupInfoLogger [main] Starting Chapter4SpringApplication using Java 21 with PID 18899 (/home/birruby/Documents/work/binar/sinergy6/git/sinergy6/Chapter4Spring/target/classes started by birruby in /home/birruby/Documents/work/binar/sinergy6/git/sinergy6/Chapter4Spring)
2023-10-20 21:39:43,437 INFO o.s.b.SpringApplication [main] No active profile set, falling back to 1 default profile: "default"
2023-10-20 21:39:44,136 INFO o.s.d.r.c.RepositoryConfigurationDelegate [main] Bootstrapping Spring Data JPA repositories in DEFAULT mode.
2023-10-20 21:39:44,201 INFO o.s.d.r.c.RepositoryConfigurationDelegate [main] Finished Spring Data repository scanning in 57 ms. Found 2 JPA repository interfaces.
2023-10-20 21:39:44,735 INFO o.s.b.w.e.t.TomcatWebServer [main] Tomcat initialized with port(s): 8080 (http)
2023-10-20 21:39:44,743 INFO o.a.j.l.DirectJDKLog [main] Initializing ProtocolHandler ["http-nio-8080"]
2023-10-20 21:39:44,745 INFO o.a.j.l.DirectJDKLog [main] Starting service [Tomcat]
2023-10-20 21:39:44,745 INFO o.a.j.l.DirectJDKLog [main] Starting Servlet engine: [Apache Tomcat/10.1.13]
2023-10-20 21:39:44,825 INFO o.a.j.l.DirectJDKLog [main] Initializing Spring embedded WebApplicationContext
2023-10-20 21:39:44,825 INFO o.s.b.w.s.c.ServletWebServerApplicationContext [main] Root WebApplicationContext: initialization completed in 1333 ms
2023-10-20 21:39:44,996 INFO o.h.j.i.u.LogHelper [main] HHH000204: Processing PersistenceUnitInfo [name: default]
2023-10-20 21:39:45,053 INFO o.h.Version [main] HHH000412: Hibernate ORM core version 6.2.9.Final
2023-10-20 21:39:45,056 INFO o.h.c.Environment [main] HHH000406: Using bytecode reflection optimizer
2023-10-20 21:39:45,185 INFO o.h.b.i.BytecodeProviderInitiator [main] HHH000021: Bytecode provider name : bytebuddy
2023-10-20 21:39:45,317 INFO o.s.o.j.p.SpringPersistenceUnitInfo [main] No LoadTimeWeaver setup: ignoring JPA class transformer
2023-10-20 21:39:45,333 INFO c.z.h.HikariDataSource [main] HikariPool-1 - Starting...
2023-10-20 21:39:45,418 INFO c.z.h.p.HikariPool [main] HikariPool-1 - Added connection org.postgresql.jdbc.PgConnection@6bd92538
2023-10-20 21:39:45,420 INFO c.z.h.HikariDataSource [main] HikariPool-1 - Start completed.
2023-10-20 21:39:45,667 INFO o.h.b.i.BytecodeProviderInitiator [main] HHH000021: Bytecode provider name : bytebuddy
2023-10-20 21:39:46,294 INFO o.h.e.t.j.p.i.JtaPlatformInitiator [main] HHH000490: Using JtaPlatform implementation: [org.hibernate.engine.transaction.jta.platform.internal.NoJtaPlatform]
2023-10-20 21:39:46,358 INFO o.s.o.j.AbstractEntityManagerFactoryBean [main] Initialized JPA EntityManagerFactory for persistence unit 'default'
2023-10-20 21:39:46,691 WARN o.s.b.a.o.j.JpaBaseConfiguration$JpaWebConfiguration [main] spring.jpa.open-in-view is enabled by default. Therefore, database queries may be performed during view rendering. Explicitly configure spring.jpa.open-in-view to disable this warning
2023-10-20 21:39:47,048 INFO o.a.j.l.DirectJDKLog [main] Starting ProtocolHandler ["http-nio-8080"]
2023-10-20 21:39:47,064 INFO o.s.b.w.e.t.TomcatWebServer [main] Tomcat started on port(s): 8080 (http) with context path ''
2023-10-20 21:39:47,074 INFO o.s.b.StartupInfoLogger [main] Started Chapter4SpringApplication in 4.344 seconds (process running for 5.212)
